F:\CEN133-SOFTWARE ENGINEER\PROJECTS\GASOLINE STORAGE TANK\DEBUG\GASOLINE STORAGE TANK.EXE
F:\CEN133-SOFTWARE ENGINEER\PROJECTS\GASOLINE STORAGE TANK\Debug\GASOLINE STORAGE TANK.ilk
F:\CEN133-SOFTWARE ENGINEER\PROJECTS\GASOLINE STORAGE TANK\DEBUG\GASOLINE STORAGE TANK.PDB
F:\CEN133-SOFTWARE ENGINEER\PROJECTS\GASOLINE STORAGE TANK\GASOLINE STORAGE TANK\Debug\cl.command.1.tlog
F:\CEN133-SOFTWARE ENGINEER\PROJECTS\GASOLINE STORAGE TANK\GASOLINE STORAGE TANK\Debug\CL.read.1.tlog
F:\CEN133-SOFTWARE ENGINEER\PROJECTS\GASOLINE STORAGE TANK\GASOLINE STORAGE TANK\Debug\CL.write.1.tlog
F:\CEN133-SOFTWARE ENGINEER\PROJECTS\GASOLINE STORAGE TANK\GASOLINE STORAGE TANK\DEBUG\GASOLINE STORAGE TANK.EXE.EMBED.MANIFEST
F:\CEN133-SOFTWARE ENGINEER\PROJECTS\GASOLINE STORAGE TANK\GASOLINE STORAGE TANK\DEBUG\GASOLINE STORAGE TANK.EXE.EMBED.MANIFEST.RES
F:\CEN133-SOFTWARE ENGINEER\PROJECTS\GASOLINE STORAGE TANK\GASOLINE STORAGE TANK\Debug\GASOLINE STORAGE TANK.exe.embed.manifest
F:\CEN133-SOFTWARE ENGINEER\PROJECTS\GASOLINE STORAGE TANK\GASOLINE STORAGE TANK\Debug\GASOLINE STORAGE TANK.exe.embed.manifest.res
F:\CEN133-SOFTWARE ENGINEER\PROJECTS\GASOLINE STORAGE TANK\GASOLINE STORAGE TANK\Debug\GASOLINE STORAGE TANK.exe.intermediate.manifest
F:\CEN133-SOFTWARE ENGINEER\PROJECTS\GASOLINE STORAGE TANK\GASOLINE STORAGE TANK\Debug\GASOLINE STORAGE TANK_manifest.rc
F:\CEN133-SOFTWARE ENGINEER\PROJECTS\GASOLINE STORAGE TANK\GASOLINE STORAGE TANK\Debug\link.2084.read.1.tlog
F:\CEN133-SOFTWARE ENGINEER\PROJECTS\GASOLINE STORAGE TANK\GASOLINE STORAGE TANK\Debug\link.2084.write.1.tlog
F:\CEN133-SOFTWARE ENGINEER\PROJECTS\GASOLINE STORAGE TANK\GASOLINE STORAGE TANK\Debug\link.2084-cvtres.read.1.tlog
F:\CEN133-SOFTWARE ENGINEER\PROJECTS\GASOLINE STORAGE TANK\GASOLINE STORAGE TANK\Debug\link.2084-cvtres.write.1.tlog
F:\CEN133-SOFTWARE ENGINEER\PROJECTS\GASOLINE STORAGE TANK\GASOLINE STORAGE TANK\Debug\link.command.1.tlog
F:\CEN133-SOFTWARE ENGINEER\PROJECTS\GASOLINE STORAGE TANK\GASOLINE STORAGE TANK\Debug\link.read.1.tlog
F:\CEN133-SOFTWARE ENGINEER\PROJECTS\GASOLINE STORAGE TANK\GASOLINE STORAGE TANK\Debug\link.write.1.tlog
F:\CEN133-SOFTWARE ENGINEER\PROJECTS\GASOLINE STORAGE TANK\GASOLINE STORAGE TANK\Debug\link-cvtres.read.1.tlog
F:\CEN133-SOFTWARE ENGINEER\PROJECTS\GASOLINE STORAGE TANK\GASOLINE STORAGE TANK\Debug\link-cvtres.write.1.tlog
F:\CEN133-SOFTWARE ENGINEER\PROJECTS\GASOLINE STORAGE TANK\GASOLINE STORAGE TANK\Debug\mt.command.1.tlog
F:\CEN133-SOFTWARE ENGINEER\PROJECTS\GASOLINE STORAGE TANK\GASOLINE STORAGE TANK\Debug\mt.read.1.tlog
F:\CEN133-SOFTWARE ENGINEER\PROJECTS\GASOLINE STORAGE TANK\GASOLINE STORAGE TANK\Debug\mt.write.1.tlog
F:\CEN133-SOFTWARE ENGINEER\PROJECTS\GASOLINE STORAGE TANK\GASOLINE STORAGE TANK\Debug\rc.command.1.tlog
F:\CEN133-SOFTWARE ENGINEER\PROJECTS\GASOLINE STORAGE TANK\GASOLINE STORAGE TANK\Debug\rc.read.1.tlog
F:\CEN133-SOFTWARE ENGINEER\PROJECTS\GASOLINE STORAGE TANK\GASOLINE STORAGE TANK\Debug\rc.write.1.tlog
F:\CEN133-SOFTWARE ENGINEER\PROJECTS\GASOLINE STORAGE TANK\GASOLINE STORAGE TANK\DEBUG\TANKER.OBJ
F:\CEN133-SOFTWARE ENGINEER\PROJECTS\GASOLINE STORAGE TANK\GASOLINE STORAGE TANK\Debug\vc100.idb
F:\CEN133-SOFTWARE ENGINEER\PROJECTS\GASOLINE STORAGE TANK\GASOLINE STORAGE TANK\DEBUG\VC100.PDB
